23-06-2022 06:10:02.709 [Gauge] [INFO] Initializing concepts cache with 0 concepts
23-06-2022 06:10:02.717 [Gauge] [INFO] Initializing specs cache with 1 specs
23-06-2022 06:10:02.717 [Gauge] [DEBUG] Adding specs from D:\MitraGit\mitra-qa-master\Ausy-Test\specs\example.spec
23-06-2022 06:10:02.717 [Gauge] [INFO] Initializing steps cache with 1 steps
23-06-2022 06:10:02.717 [Gauge] [INFO] Gauge daemon initialized and listening on port: 61709
23-06-2022 06:10:02.719 [Gauge] [DEBUG] Watching directory: D:\MitraGit\mitra-qa-master\Ausy-Test\specs
23-06-2022 06:10:02.719 [Gauge] [DEBUG] Found 1 files
23-06-2022 06:10:33.044 [Gauge] [DEBUG] Api Request Received: messageType:GetLanguagePluginLibPathRequest  messageId:5  libPathRequest:{language:"java"}
23-06-2022 06:10:33.059 [Gauge] [DEBUG] Sending API response: messageType:GetLanguagePluginLibPathResponse  messageId:5  libPathResponse:{path:"C:\\Users\\nalaka\\AppData\\Roaming\\gauge\\plugins\\java\\0.9.1\\libs"}
23-06-2022 06:10:39.934 [Gauge] [INFO] Initializing concepts cache with 0 concepts
23-06-2022 06:10:39.936 [Gauge] [INFO] Initializing specs cache with 1 specs
23-06-2022 06:10:39.936 [Gauge] [DEBUG] Adding specs from D:\MitraGit\mitra-qa-master\Ausy-Test\specs\example.spec
23-06-2022 06:10:39.936 [Gauge] [INFO] Initializing steps cache with 1 steps
23-06-2022 06:10:39.936 [Gauge] [INFO] Gauge daemon initialized and listening on port: 61811
23-06-2022 06:10:39.936 [Gauge] [DEBUG] Watching directory: D:\MitraGit\mitra-qa-master\Ausy-Test\specs
23-06-2022 06:10:39.937 [Gauge] [DEBUG] Found 1 files
23-06-2022 09:23:42.223 [Gauge] [DEBUG] Spec file added / modified: D:\MitraGit\mitra-qa-master\Ausy-Test\specs\example.spec
23-06-2022 09:54:49.327 [Gauge] [DEBUG] Spec file added / modified: D:\MitraGit\mitra-qa-master\Ausy-Test\specs\Contact.spec
23-06-2022 09:54:49.345 [Gauge] [DEBUG] Spec file added / modified: D:\MitraGit\mitra-qa-master\Ausy-Test\specs\Contact.spec
23-06-2022 09:54:49.349 [Gauge] [DEBUG] Spec file added / modified: D:\MitraGit\mitra-qa-master\Ausy-Test\specs\Contact.spec
23-06-2022 09:54:58.852 [Gauge] [DEBUG] Spec file removed: D:\MitraGit\mitra-qa-master\Ausy-Test\specs\Contact.spec
23-06-2022 09:54:58.872 [Gauge] [DEBUG] Spec file added / modified: D:\MitraGit\mitra-qa-master\Ausy-Test\specs\contact.spec
23-06-2022 09:54:58.893 [Gauge] [DEBUG] Spec file added / modified: D:\MitraGit\mitra-qa-master\Ausy-Test\specs\contact.spec
23-06-2022 09:55:15.950 [Gauge] [DEBUG] Spec file added / modified: D:\MitraGit\mitra-qa-master\Ausy-Test\specs\login.spec
23-06-2022 09:55:15.962 [Gauge] [DEBUG] Spec file added / modified: D:\MitraGit\mitra-qa-master\Ausy-Test\specs\login.spec
23-06-2022 09:55:15.963 [Gauge] [DEBUG] Spec file added / modified: D:\MitraGit\mitra-qa-master\Ausy-Test\specs\login.spec
23-06-2022 09:56:42.467 [Gauge] [DEBUG] Spec file added / modified: D:\MitraGit\mitra-qa-master\Ausy-Test\specs\order.spec
23-06-2022 09:56:42.469 [Gauge] [DEBUG] Spec file added / modified: D:\MitraGit\mitra-qa-master\Ausy-Test\specs\order.spec
23-06-2022 09:56:42.480 [Gauge] [DEBUG] Spec file added / modified: D:\MitraGit\mitra-qa-master\Ausy-Test\specs\order.spec
23-06-2022 09:56:58.349 [Gauge] [DEBUG] Spec file added / modified: D:\MitraGit\mitra-qa-master\Ausy-Test\specs\order.spec
23-06-2022 09:56:58.387 [Gauge] [DEBUG] Spec file added / modified: D:\MitraGit\mitra-qa-master\Ausy-Test\specs\order.spec
23-06-2022 09:56:58.512 [Gauge] [DEBUG] Spec file added / modified: D:\MitraGit\mitra-qa-master\Ausy-Test\specs\order.spec
23-06-2022 09:56:58.520 [Gauge] [DEBUG] Spec file added / modified: D:\MitraGit\mitra-qa-master\Ausy-Test\specs\order.spec
23-06-2022 09:58:06.097 [Gauge] [DEBUG] Spec file added / modified: D:\MitraGit\mitra-qa-master\Ausy-Test\specs\order.spec
23-06-2022 09:58:06.498 [Gauge] [DEBUG] Spec file added / modified: D:\MitraGit\mitra-qa-master\Ausy-Test\specs\order.spec
